11-23 23:06:24 com_github_MitjaNemec_ReplicateLayout.action_replicate_layout 312:Plugin executed on: 'win32'
11-23 23:06:24 com_github_MitjaNemec_ReplicateLayout.action_replicate_layout 313:Plugin executed with python version: '3.9.14 (main, Sep 19 2022, 05:11:57) [MSC v.1932 64 bit (AMD64)]'
11-23 23:06:24 com_github_MitjaNemec_ReplicateLayout.action_replicate_layout 314:KiCad build version: (6.0.8)
11-23 23:06:24 com_github_MitjaNemec_ReplicateLayout.action_replicate_layout 315:Plugin version: 1.2.2
11-23 23:06:24 com_github_MitjaNemec_ReplicateLayout.action_replicate_layout 316:Frame repr: <wx._core.Frame object at 0x000001B9A52CC790>
11-23 23:06:24 com_github_MitjaNemec_ReplicateLayout.action_replicate_layout 340:Preparing replicator with J103 as a reference
11-23 23:06:24 com_github_MitjaNemec_ReplicateLayout.replicate_layout 106:getting a list of all footprints on board
11-23 23:06:24 com_github_MitjaNemec_ReplicateLayout.action_replicate_layout 364:source anchor footprint is 'J103'
Located on: ['Left MCU']
With filenames: ['File: mcu.kicad_sch']
With sheet_id:['Left MCU']
11-23 23:06:24 com_github_MitjaNemec_ReplicateLayout.action_replicate_layout 371:Corresponding footprints are 
[('J203', ['Right MCU']), ('J103', ['Left MCU'])]
11-23 23:06:24 com_github_MitjaNemec_ReplicateLayout.action_replicate_layout 383:Showing dialog
11-23 23:06:24 com_github_MitjaNemec_ReplicateLayout.replicate_layout 344:constructing a list of sheets suitable for replication on level:'Left MCU', file:'File: mcu.kicad_sch'
11-23 23:06:24 com_github_MitjaNemec_ReplicateLayout.replicate_layout 381:suitable sheets are:[['Right MCU']]
11-23 23:06:24 com_github_MitjaNemec_ReplicateLayout.replicate_layout 1112:Level selected: ['Left MCU']
11-23 23:06:24 com_github_MitjaNemec_ReplicateLayout.action_replicate_layout 389:Toolbar position: wx.Point(2523, 80)
11-23 23:06:24 com_github_MitjaNemec_ReplicateLayout.action_replicate_layout 395:Dialog position: wx.Point(2159, 80)
11-23 23:06:27 com_github_MitjaNemec_ReplicateLayout.replicate_layout 344:constructing a list of sheets suitable for replication on level:'Left MCU', file:'File: mcu.kicad_sch'
11-23 23:06:27 com_github_MitjaNemec_ReplicateLayout.replicate_layout 381:suitable sheets are:[['Right MCU']]
11-23 23:06:27 com_github_MitjaNemec_ReplicateLayout.action_replicate_layout 170:Replicating layout
11-23 23:06:27 com_github_MitjaNemec_ReplicateLayout.replicate_layout 154:Starting replication of sheets: [['Right MCU']]
on level: ['Left MCU']
with tracks=True, zone=True, text=True, text=True, containing=True, remove=False, locked footprints=False, by_group=False
11-23 23:06:27 root 252:updating GUI message: 'Preparing for replication'
11-23 23:06:27 root 257:updating GUI with: 0
11-23 23:06:27 com_github_MitjaNemec_ReplicateLayout.replicate_layout 224:Getting the list of source footprints
11-23 23:06:27 com_github_MitjaNemec_ReplicateLayout.replicate_layout 239:Getting the list of all the remaining footprints
11-23 23:06:27 com_github_MitjaNemec_ReplicateLayout.replicate_layout 244:Getting nets local to source footprints
11-23 23:06:27 com_github_MitjaNemec_ReplicateLayout.replicate_layout 247:Getting source bounding box
11-23 23:06:27 com_github_MitjaNemec_ReplicateLayout.replicate_layout 251:Getting source tracks
11-23 23:06:27 com_github_MitjaNemec_ReplicateLayout.replicate_layout 266:Getting source zones
11-23 23:06:27 root 257:updating GUI with: 62
11-23 23:06:27 com_github_MitjaNemec_ReplicateLayout.replicate_layout 275:Getting source text items
11-23 23:06:27 com_github_MitjaNemec_ReplicateLayout.replicate_layout 284:Getting source drawing items
11-23 23:06:27 root 252:updating GUI message: 'Replicating footprints'
11-23 23:06:27 com_github_MitjaNemec_ReplicateLayout.replicate_layout 678:Replicating footprints
11-23 23:06:27 com_github_MitjaNemec_ReplicateLayout.replicate_layout 684:Replicating footprints on sheet ['Right MCU']
11-23 23:06:27 root 252:updating GUI message: 'Replicating tracks'
11-23 23:06:27 com_github_MitjaNemec_ReplicateLayout.replicate_layout 844:Replicating tracks
11-23 23:06:27 com_github_MitjaNemec_ReplicateLayout.replicate_layout 850:Replicating tracks on sheet ['Right MCU']
11-23 23:06:27 root 257:updating GUI with: 0
11-23 23:06:27 root 252:updating GUI message: 'Replicating zones'
11-23 23:06:27 com_github_MitjaNemec_ReplicateLayout.replicate_layout 909:Replicating zones
11-23 23:06:27 com_github_MitjaNemec_ReplicateLayout.replicate_layout 916:Replicating zones on sheet ['Right MCU']
11-23 23:06:27 root 252:updating GUI message: 'Replicating text'
11-23 23:06:27 com_github_MitjaNemec_ReplicateLayout.replicate_layout 985:Replicating text
11-23 23:06:27 com_github_MitjaNemec_ReplicateLayout.replicate_layout 992:Replicating text on sheet ['Right MCU']
11-23 23:06:27 root 252:updating GUI message: 'Replicating drawings'
11-23 23:06:27 com_github_MitjaNemec_ReplicateLayout.replicate_layout 1032:Replicating drawings
11-23 23:06:27 com_github_MitjaNemec_ReplicateLayout.replicate_layout 1038:Replicating drawings on sheet ['Right MCU']
11-23 23:06:27 com_github_MitjaNemec_ReplicateLayout.action_replicate_layout 190:Replication complete
